Reading netlist file: "C:\Users\Emre\OneDrive\Desktop\TangNano9K\Examples\Linux_Video_HDMI_youtube\impl\gwsynthesis\Linux_Video_HDMI.vg"
Parsing netlist file "C:\Users\Emre\OneDrive\Desktop\TangNano9K\Examples\Linux_Video_HDMI_youtube\impl\gwsynthesis\Linux_Video_HDMI.vg" completed
Processing netlist completed
Reading constraint file: "C:\Users\Emre\OneDrive\Desktop\TangNano9K\Examples\Linux_Video_HDMI_youtube\src\tang_nano-9k.cst"
Physical Constraint parsed completed
Running placement......
[10%] Placement Phase 0 completed
[20%] Placement Phase 1 completed
[30%] Placement Phase 2 completed
WARN  (TA1132) :  'u_div/clkdiv_inst/CLKOUT.default_gen_clk' was determined to be a clock but was not created.
[50%] Placement Phase 3 completed
Running routing......
[60%] Routing Phase 0 completed
[70%] Routing Phase 1 completed
[80%] Routing Phase 2 completed
[90%] Routing Phase 3 completed
Running timing analysis......
[95%] Timing analysis completed
Placement and routing completed
Bitstream generation in progress......
Bitstream generation completed
Running power analysis......
[100%] Power analysis completed
Generate file "C:\Users\Emre\OneDrive\Desktop\TangNano9K\Examples\Linux_Video_HDMI_youtube\impl\pnr\Linux_Video_HDMI.power.html" completed
Generate file "C:\Users\Emre\OneDrive\Desktop\TangNano9K\Examples\Linux_Video_HDMI_youtube\impl\pnr\Linux_Video_HDMI.pin.html" completed
Generate file "C:\Users\Emre\OneDrive\Desktop\TangNano9K\Examples\Linux_Video_HDMI_youtube\impl\pnr\Linux_Video_HDMI.rpt.html" completed
Generate file "C:\Users\Emre\OneDrive\Desktop\TangNano9K\Examples\Linux_Video_HDMI_youtube\impl\pnr\Linux_Video_HDMI.rpt.txt" completed
Generate file "C:\Users\Emre\OneDrive\Desktop\TangNano9K\Examples\Linux_Video_HDMI_youtube\impl\pnr\Linux_Video_HDMI.tr.html" completed
Sat Apr 18 20:18:38 2026

